# JRE version: Java(TM) SE Runtime Environment (8.0_271-b09) (build 1.8.0_271-b09)
# Java VM: Java HotSpot(TM) 64-Bit Server VM (25.271-b09 mixed mode windows-amd64 compressed oops)
Heap:
 PSYoungGen      total 140800K, used 29083K [0x000000076b700000, 0x0000000778500000, 0x00000007c0000000)
  eden space 130048K, 22% used [0x000000076b700000,0x000000076d366ee0,0x0000000773600000)
  from space 10752K, 0% used [0x0000000773600000,0x0000000773600000,0x0000000774080000)
  to   space 15872K, 0% used [0x0000000777580000,0x0000000777580000,0x0000000778500000)
 ParOldGen       total 137216K, used 19847K [0x00000006c2400000, 0x00000006caa00000, 0x000000076b700000)
  object space 137216K, 14% used [0x00000006c2400000,0x00000006c3761cf0,0x00000006caa00000)
 Metaspace       used 34544K, capacity 36216K, committed 36352K, reserved 1081344K
  class space    used 4451K, capacity 4820K, committed 4864K, reserved 1048576K
GC Heap History (10 events):
Event: 2.791 GC heap before
{Heap before GC invocations=3 (full 0):
 PSYoungGen      total 75776K, used 20833K [0x000000076b700000, 0x0000000770b80000, 0x00000007c0000000)
  eden space 65024K, 16% used [0x000000076b700000,0x000000076c15cd48,0x000000076f680000)
  from space 10752K, 95% used [0x0000000770100000,0x0000000770afb818,0x0000000770b80000)
  to   space 10752K, 0% used [0x000000076f680000,0x000000076f680000,0x0000000770100000)
 ParOldGen       total 173568K, used 24K [0x00000006c2400000, 0x00000006ccd80000, 0x000000076b700000)
  object space 173568K, 0% used [0x00000006c2400000,0x00000006c2406000,0x00000006ccd80000)
 Metaspace       used 20509K, capacity 21070K, committed 21248K, reserved 1067008K
  class space    used 2555K, capacity 2751K, committed 2816K, reserved 1048576K
Event: 2.797 GC heap after
Heap after GC invocations=3 (full 0):
 PSYoungGen      total 75776K, used 7012K [0x000000076b700000, 0x0000000774b00000, 0x00000007c0000000)
  eden space 65024K, 0% used [0x000000076b700000,0x000000076b700000,0x000000076f680000)
  from space 10752K, 65% used [0x000000076f680000,0x000000076fd590e8,0x0000000770100000)
  to   space 10752K, 0% used [0x0000000774080000,0x0000000774080000,0x0000000774b00000)
 ParOldGen       total 173568K, used 32K [0x00000006c2400000, 0x00000006ccd80000, 0x000000076b700000)
  object space 173568K, 0% used [0x00000006c2400000,0x00000006c2408000,0x00000006ccd80000)
 Metaspace       used 20509K, capacity 21070K, committed 21248K, reserved 1067008K
  class space    used 2555K, capacity 2751K, committed 2816K, reserved 1048576K
}
Event: 2.797 GC heap before
{Heap before GC invocations=4 (full 1):
 PSYoungGen      total 75776K, used 7012K [0x000000076b700000, 0x0000000774b00000, 0x00000007c0000000)
  eden space 65024K, 0% used [0x000000076b700000,0x000000076b700000,0x000000076f680000)
  from space 10752K, 65% used [0x000000076f680000,0x000000076fd590e8,0x0000000770100000)
  to   space 10752K, 0% used [0x0000000774080000,0x0000000774080000,0x0000000774b00000)
 ParOldGen       total 173568K, used 32K [0x00000006c2400000, 0x00000006ccd80000, 0x000000076b700000)
  object space 173568K, 0% used [0x00000006c2400000,0x00000006c2408000,0x00000006ccd80000)
 Metaspace       used 20509K, capacity 21070K, committed 21248K, reserved 1067008K
  class space    used 2555K, capacity 2751K, committed 2816K, reserved 1048576K
Event: 2.820 GC heap after
Heap after GC invocations=4 (full 1):
 PSYoungGen      total 75776K, used 0K [0x000000076b700000, 0x0000000774b00000, 0x00000007c0000000)
  eden space 65024K, 0% used [0x000000076b700000,0x000000076b700000,0x000000076f680000)
  from space 10752K, 0% used [0x000000076f680000,0x000000076f680000,0x0000000770100000)
  to   space 10752K, 0% used [0x0000000774080000,0x0000000774080000,0x0000000774b00000)
 ParOldGen       total 91648K, used 6883K [0x00000006c2400000, 0x00000006c7d80000, 0x000000076b700000)
  object space 91648K, 7% used [0x00000006c2400000,0x00000006c2ab8d78,0x00000006c7d80000)
 Metaspace       used 20509K, capacity 21070K, committed 21248K, reserved 1067008K
  class space    used 2555K, capacity 2751K, committed 2816K, reserved 1048576K
}
Event: 5.880 GC heap before
{Heap before GC invocations=5 (full 1):
 PSYoungGen      total 75776K, used 65024K [0x000000076b700000, 0x0000000774b00000, 0x00000007c0000000)
  eden space 65024K, 100% used [0x000000076b700000,0x000000076f680000,0x000000076f680000)
  from space 10752K, 0% used [0x000000076f680000,0x000000076f680000,0x0000000770100000)
  to   space 10752K, 0% used [0x0000000774080000,0x0000000774080000,0x0000000774b00000)
 ParOldGen       total 91648K, used 6883K [0x00000006c2400000, 0x00000006c7d80000, 0x000000076b700000)
  object space 91648K, 7% used [0x00000006c2400000,0x00000006c2ab8d78,0x00000006c7d80000)
 Metaspace       used 28367K, capacity 29684K, committed 29952K, reserved 1075200K
  class space    used 3714K, capacity 4040K, committed 4096K, reserved 1048576K
Event: 5.888 GC heap after
Heap after GC invocations=5 (full 1):
 PSYoungGen      total 118784K, used 10734K [0x000000076b700000, 0x0000000774b00000, 0x00000007c0000000)
  eden space 108032K, 0% used [0x000000076b700000,0x000000076b700000,0x0000000772080000)
  from space 10752K, 99% used [0x0000000774080000,0x0000000774afb8f0,0x0000000774b00000)
  to   space 10752K, 0% used [0x0000000773600000,0x0000000773600000,0x0000000774080000)
 ParOldGen       total 91648K, used 8234K [0x00000006c2400000, 0x00000006c7d80000, 0x000000076b700000)
  object space 91648K, 8% used [0x00000006c2400000,0x00000006c2c0aab8,0x00000006c7d80000)
 Metaspace       used 28367K, capacity 29684K, committed 29952K, reserved 1075200K
  class space    used 3714K, capacity 4040K, committed 4096K, reserved 1048576K
}
Event: 6.454 GC heap before
{Heap before GC invocations=6 (full 1):
 PSYoungGen      total 118784K, used 83400K [0x000000076b700000, 0x0000000774b00000, 0x00000007c0000000)
  eden space 108032K, 67% used [0x000000076b700000,0x000000076fdf6988,0x0000000772080000)
  from space 10752K, 99% used [0x0000000774080000,0x0000000774afb8f0,0x0000000774b00000)
  to   space 10752K, 0% used [0x0000000773600000,0x0000000773600000,0x0000000774080000)
 ParOldGen       total 91648K, used 8234K [0x00000006c2400000, 0x00000006c7d80000, 0x000000076b700000)
  object space 91648K, 8% used [0x00000006c2400000,0x00000006c2c0aab8,0x00000006c7d80000)
 Metaspace       used 33723K, capacity 35286K, committed 35416K, reserved 1079296K
  class space    used 4379K, capacity 4755K, committed 4864K, reserved 1048576K
Event: 6.463 GC heap after
Heap after GC invocations=6 (full 1):
 PSYoungGen      total 140800K, used 10726K [0x000000076b700000, 0x0000000778500000, 0x00000007c0000000)
  eden space 130048K, 0% used [0x000000076b700000,0x000000076b700000,0x0000000773600000)
  from space 10752K, 99% used [0x0000000773600000,0x0000000774079828,0x0000000774080000)
  to   space 15872K, 0% used [0x0000000777580000,0x0000000777580000,0x0000000778500000)
 ParOldGen       total 91648K, used 11319K [0x00000006c2400000, 0x00000006c7d80000, 0x000000076b700000)
  object space 91648K, 12% used [0x00000006c2400000,0x00000006c2f0dc38,0x00000006c7d80000)
 Metaspace       used 33723K, capacity 35286K, committed 35416K, reserved 1079296K
  class space    used 4379K, capacity 4755K, committed 4864K, reserved 1048576K
}
Event: 6.463 GC heap before
{Heap before GC invocations=7 (full 2):
 PSYoungGen      total 140800K, used 10726K [0x000000076b700000, 0x0000000778500000, 0x00000007c0000000)
  eden space 130048K, 0% used [0x000000076b700000,0x000000076b700000,0x0000000773600000)
  from space 10752K, 99% used [0x0000000773600000,0x0000000774079828,0x0000000774080000)
  to   space 15872K, 0% used [0x0000000777580000,0x0000000777580000,0x0000000778500000)
 ParOldGen       total 91648K, used 11319K [0x00000006c2400000, 0x00000006c7d80000, 0x000000076b700000)
  object space 91648K, 12% used [0x00000006c2400000,0x00000006c2f0dc38,0x00000006c7d80000)
 Metaspace       used 33723K, capacity 35286K, committed 35416K, reserved 1079296K
  class space    used 4379K, capacity 4755K, committed 4864K, reserved 1048576K
Event: 6.495 GC heap after
Heap after GC invocations=7 (full 2):
 PSYoungGen      total 140800K, used 0K [0x000000076b700000, 0x0000000778500000, 0x00000007c0000000)
  eden space 130048K, 0% used [0x000000076b700000,0x000000076b700000,0x0000000773600000)
  from space 10752K, 0% used [0x0000000773600000,0x0000000773600000,0x0000000774080000)
  to   space 15872K, 0% used [0x0000000777580000,0x0000000777580000,0x0000000778500000)
 ParOldGen       total 137216K, used 19847K [0x00000006c2400000, 0x00000006caa00000, 0x000000076b700000)
  object space 137216K, 14% used [0x00000006c2400000,0x00000006c3761cf0,0x00000006caa00000)
 Metaspace       used 33723K, capacity 35286K, committed 35416K, reserved 1079296K
  class space    used 4379K, capacity 4755K, committed 4864K, reserved 1048576K
}

